
Showing logs for build [32mcb-kubecd-environment-pr-128-53-67v4t-1[0m stage [32mfrom-build-pack[0m and container [32mstep-credential-initializer-jxtnf[0m
{"level":"warn","ts":1578672207.473514,"logger":"fallback-logger","caller":"logging/config.go:69","msg":"Fetch GitHub commit ID from kodata failed: \"ref: refs/heads/0.8.0-**-support-backwards-incompats\" is not a valid GitHub commit ID"}
{"level":"info","ts":1578672207.4737606,"logger":"fallback-logger","caller":"creds-init/main.go:40","msg":"Credentials initialized."}

Showing logs for build [32mcb-kubecd-environment-pr-128-53-67v4t-1[0m stage [32mfrom-build-pack[0m and container [32mstep-working-dir-initializer-rmvjf[0m
{"level":"warn","ts":1578672208.5017872,"logger":"fallback-logger","caller":"logging/config.go:69","msg":"Fetch GitHub commit ID from kodata failed: open /var/run/ko/HEAD: no such file or directory"}
{"level":"info","ts":1578672208.5025327,"logger":"fallback-logger","caller":"bash/main.go:64","msg":"Successfully executed command \"sh -c mkdir -p /workspace/source\"; output "}

Showing logs for build [32mcb-kubecd-environment-pr-128-53-67v4t-1[0m stage [32mfrom-build-pack[0m and container [32mstep-place-tools[0m

Showing logs for build [32mcb-kubecd-environment-pr-128-53-67v4t-1[0m stage [32mfrom-build-pack[0m and container [32mstep-git-source-cb-kubecd-environment-pr-128-53-272s4[0m
{"level":"warn","ts":1578672213.616224,"logger":"fallback-logger","caller":"logging/config.go:69","msg":"Fetch GitHub commit ID from kodata failed: \"ref: refs/heads/0.8.0-**-support-backwards-incompats\" is not a valid GitHub commit ID"}
{"level":"info","ts":1578672213.8529701,"logger":"fallback-logger","caller":"git/git.go:103","msg":"Successfully cloned https://github.com/cb-kubecd/environment-pr-128-53-boot-eks-staging.git @ master in path /workspace/source"}

Showing logs for build [32mcb-kubecd-environment-pr-128-53-67v4t-1[0m stage [32mfrom-build-pack[0m and container [32mstep-git-merge[0m
Using SHAs from PULL_REFS=master:4860b7b5ae9cc703ba47e675a2c665f235671721,6:1e24d011638c43f89f93573defd468d3821cf2fa
DEBUG: ran git fetch --unshallow origin 1e24d011638c43f89f93573defd468d3821cf2fa: 4860b7b5ae9cc703ba47e675a2c665f235671721: in 
DEBUG: ran git checkout master in 
DEBUG: ran git reset --hard 4860b7b5ae9cc703ba47e675a2c665f235671721 in 
DEBUG: ran clean --force -d . in 
DEBUG: ran git merge 1e24d011638c43f89f93573defd468d3821cf2fa in 
Merged SHA 1e24d011638c43f89f93573defd468d3821cf2fa with commit message 'chore: Promote bdd-sbhg-import-1578671354 to version 0.0.1' into base branch master

Showing logs for build [32mcb-kubecd-environment-pr-128-53-67v4t-1[0m stage [32mfrom-build-pack[0m and container [32mstep-build-helm-build[0m
WARNING: No $CHART_REPOSITORY defined so using the default value of: http://jenkins-x-chartmuseum:8080
Adding missing Helm repo: storage.googleapis.com https://storage.googleapis.com/chartmuseum.jenkins-x.io
WARNING: No secrets found on "helm/repos" due: reading the secret "helm/repos" from vault: no secret "helm/repos" not found in vault
Read credentials for https://storage.googleapis.com/chartmuseum.jenkins-x.io from vault helm/repos
Successfully added Helm repository storage.googleapis.com.
Adding missing Helm repo: jenkins-x-chartmuseum http://jenkins-x-chartmuseum:8080
WARNING: No secrets found on "helm/repos" due: reading the secret "helm/repos" from vault: no secret "helm/repos" not found in vault
Read credentials for http://jenkins-x-chartmuseum:8080 from vault helm/repos
Successfully added Helm repository jenkins-x-chartmuseum.
WARNING: No $CHART_REPOSITORY defined so using the default value of: http://jenkins-x-chartmuseum:8080
Adding missing Helm repo: chartmuseum.jenkins-x.io http://chartmuseum.jenkins-x.io
WARNING: No secrets found on "helm/repos" due: reading the secret "helm/repos" from vault: no secret "helm/repos" not found in vault
Read credentials for http://chartmuseum.jenkins-x.io from vault helm/repos
Successfully added Helm repository chartmuseum.jenkins-x.io.
