
Showing logs for build [32mcb-kubecd-environment-pr-128-53-ct8qn-1[0m stage [32mfrom-build-pack[0m and container [32mstep-credential-initializer-pnq2k[0m
{"level":"warn","ts":1578670091.7367098,"logger":"fallback-logger","caller":"logging/config.go:69","msg":"Fetch GitHub commit ID from kodata failed: \"ref: refs/heads/0.8.0-**-support-backwards-incompats\" is not a valid GitHub commit ID"}
{"level":"info","ts":1578670091.7369506,"logger":"fallback-logger","caller":"creds-init/main.go:40","msg":"Credentials initialized."}

Showing logs for build [32mcb-kubecd-environment-pr-128-53-ct8qn-1[0m stage [32mfrom-build-pack[0m and container [32mstep-working-dir-initializer-76ftx[0m
{"level":"warn","ts":1578670092.1992466,"logger":"fallback-logger","caller":"logging/config.go:69","msg":"Fetch GitHub commit ID from kodata failed: open /var/run/ko/HEAD: no such file or directory"}
{"level":"info","ts":1578670092.2000825,"logger":"fallback-logger","caller":"bash/main.go:64","msg":"Successfully executed command \"sh -c mkdir -p /workspace/source\"; output "}

Showing logs for build [32mcb-kubecd-environment-pr-128-53-ct8qn-1[0m stage [32mfrom-build-pack[0m and container [32mstep-place-tools[0m

Showing logs for build [32mcb-kubecd-environment-pr-128-53-ct8qn-1[0m stage [32mfrom-build-pack[0m and container [32mstep-git-source-cb-kubecd-environment-pr-128-53-6zzpl[0m
{"level":"warn","ts":1578670097.2678337,"logger":"fallback-logger","caller":"logging/config.go:69","msg":"Fetch GitHub commit ID from kodata failed: \"ref: refs/heads/0.8.0-**-support-backwards-incompats\" is not a valid GitHub commit ID"}
{"level":"info","ts":1578670097.41711,"logger":"fallback-logger","caller":"git/git.go:103","msg":"Successfully cloned https://github.com/cb-kubecd/environment-pr-128-53-boot-eks-staging.git @ master in path /workspace/source"}

Showing logs for build [32mcb-kubecd-environment-pr-128-53-ct8qn-1[0m stage [32mfrom-build-pack[0m and container [32mstep-git-merge[0m
Using SHAs from PULL_REFS=master:69c6e003c5853237c93093519abc3d81d98a5f1f,3:708aac35ed5aa9209014585e7c5a88c10c620b44
DEBUG: ran git fetch --unshallow origin 708aac35ed5aa9209014585e7c5a88c10c620b44: 69c6e003c5853237c93093519abc3d81d98a5f1f: in 
DEBUG: ran git checkout master in 
DEBUG: ran git reset --hard 69c6e003c5853237c93093519abc3d81d98a5f1f in 
DEBUG: ran clean --force -d . in 
DEBUG: ran git merge 708aac35ed5aa9209014585e7c5a88c10c620b44 in 
Merged SHA 708aac35ed5aa9209014585e7c5a88c10c620b44 with commit message 'chore: Promote bdd-sbhg-1578669405 to version 0.0.1' into base branch master

Showing logs for build [32mcb-kubecd-environment-pr-128-53-ct8qn-1[0m stage [32mfrom-build-pack[0m and container [32mstep-build-helm-build[0m
WARNING: No $CHART_REPOSITORY defined so using the default value of: http://jenkins-x-chartmuseum:8080
Adding missing Helm repo: storage.googleapis.com https://storage.googleapis.com/chartmuseum.jenkins-x.io
WARNING: No secrets found on "helm/repos" due: reading the secret "helm/repos" from vault: no secret "helm/repos" not found in vault
Read credentials for https://storage.googleapis.com/chartmuseum.jenkins-x.io from vault helm/repos
Successfully added Helm repository storage.googleapis.com.
Adding missing Helm repo: jenkins-x-chartmuseum http://jenkins-x-chartmuseum:8080
WARNING: No secrets found on "helm/repos" due: reading the secret "helm/repos" from vault: no secret "helm/repos" not found in vault
Read credentials for http://jenkins-x-chartmuseum:8080 from vault helm/repos
Successfully added Helm repository jenkins-x-chartmuseum.
WARNING: No $CHART_REPOSITORY defined so using the default value of: http://jenkins-x-chartmuseum:8080
Adding missing Helm repo: chartmuseum.jenkins-x.io http://chartmuseum.jenkins-x.io
WARNING: No secrets found on "helm/repos" due: reading the secret "helm/repos" from vault: no secret "helm/repos" not found in vault
Read credentials for http://chartmuseum.jenkins-x.io from vault helm/repos
Successfully added Helm repository chartmuseum.jenkins-x.io.
